#
# A fatal error has been detected by the Java Runtime Environment:
#
#  Internal Error (javaClasses.cpp:136), pid=8343, tid=3062360896
#  fatal error: Invalid layout of preloaded class
#
# JRE version:  (7.0_60-b12) (build )
# Java VM: Java HotSpot(TM) Server VM (24.60-b09 mixed mode linux-x86 )
# Failed to write core dump. Core dumps have been disabled. To enable core dumping, try "ulimit -c unlimited" before starting Java again
#
# If you would like to submit a bug report, please visit:
#   http://bugreport.sun.com/bugreport/crash.jsp
#

---------------  T H R E A D  ---------------

Current thread (0xb6707800):  JavaThread "Unknown thread" [_thread_in_vm, id=8347, stack(0xb682e000,0xb687f000)]

Stack: [0xb682e000,0xb687f000],  sp=0xb687dd80,  free space=319k
Native frames: (J=compiled Java code, j=interpreted, Vv=VM code, C=native code)
V  [libjvm.so+0x7e63a6]  VMError::report_and_die()+0x1a6
V  [libjvm.so+0x33d86c]  report_fatal(char const*, int, char const*)+0x4c
V  [libjvm.so+0x48b55e]  compute_offset(int&, klassOopDesc*, Symbol*, Symbol*, bool)+0x10e
V  [libjvm.so+0x48d2c4]  java_lang_String::compute_offsets()+0x44
V  [libjvm.so+0x7733dd]  SystemDictionary::initialize_preloaded_classes(Thread*)+0x22d
V  [libjvm.so+0x7bc1b0]  Universe::genesis(Thread*)+0x410
V  [libjvm.so+0x7bc61f]  universe2_init()+0x1f
V  [libjvm.so+0x450310]  init_globals()+0xa0
V  [libjvm.so+0x7a4500]  Threads::create_vm(JavaVMInitArgs*, bool*)+0x200
V  [libjvm.so+0x4c302c]  JNI_CreateJavaVM+0x5c
C  [libjli.so+0x2668]  JavaMain+0x98
C  [libpthread.so.0+0x6d4c]  start_thread+0xcc


---------------  P R O C E S S  ---------------

Java Threads: ( => current thread )

Other Threads:

=>0xb6707800 (exited) JavaThread "Unknown thread" [_thread_in_vm, id=8347, stack(0xb682e000,0xb687f000)]

VM state:not at safepoint (not fully initialized)

VM Mutex/Monitor currently owned by a thread: None

GC Heap History (0 events):
No events

Deoptimization events (0 events):
No events

Internal exceptions (0 events):
No events

Events (10 events):
Event: 0.006 loading class 0x71b24670 done
Event: 0.006 loading class 0x71b24100 done
Event: 0.006 loading class 0x71b240e0
Event: 0.006 loading class 0x71b2b450
Event: 0.006 loading class 0x71b2b450 done
Event: 0.006 loading class 0x71b2b480
Event: 0.006 loading class 0x71b2b480 done
Event: 0.006 loading class 0x71b2b4b0
Event: 0.006 loading class 0x71b2b4b0 done
Event: 0.006 loading class 0x71b240e0 done


Dynamic libraries:
08048000-08049000 r-xp 00000000 08:05 43638      /usr/local/java/jdk1.7.0_60/bin/java
08049000-0804a000 rw-p 00000000 08:05 43638      /usr/local/java/jdk1.7.0_60/bin/java
08564000-08585000 rw-p 00000000 00:00 0          [heap]
6ef67000-6f182000 rw-p 00000000 00:00 0 
6f182000-6f24c000 r--s 011ad000 08:06 445146     /home/rayacell/android-adt/adt-bundle-linux-x86-20130729/sdk/platforms/android-18/android.jar
6f24c000-71700000 rw-p 00000000 00:00 0 
71700000-71721000 rw-p 00000000 00:00 0 
71721000-71800000 ---p 00000000 00:00 0 
7187f000-71880000 ---p 00000000 00:00 0 
71880000-71900000 rw-p 00000000 00:00 0          [stack:8352]
71900000-71921000 rw-p 00000000 00:00 0 
71921000-71a00000 ---p 00000000 00:00 0 
71a00000-71a21000 rw-p 00000000 00:00 0 
71a21000-71b00000 ---p 00000000 00:00 0 
71b24000-71b7f000 rw-p 00000000 00:00 0 
71b7f000-71b80000 ---p 00000000 00:00 0 
71b80000-71c00000 rw-p 00000000 00:00 0          [stack:8351]
71c00000-71c21000 rw-p 00000000 00:00 0 
71c21000-71d00000 ---p 00000000 00:00 0 
71d27000-71d4c000 rw-p 00000000 00:00 0 
71d4c000-71d4d000 ---p 00000000 00:00 0 
71d4d000-71dcd000 rw-p 00000000 00:00 0          [stack:8350]
71dcd000-71dce000 ---p 00000000 00:00 0 
71dce000-71e56000 rw-p 00000000 00:00 0          [stack:8349]
71e56000-71e6e000 rw-p 00000000 00:00 0 
71e6e000-71e83000 rw-p 00000000 00:00 0 
71e83000-71fb5000 rw-p 00000000 00:00 0 
71fb5000-71fbd000 rw-p 00000000 00:00 0 
71fbd000-71fd5000 rw-p 00000000 00:00 0 
71fd5000-71fea000 rw-p 00000000 00:00 0 
71fea000-7211b000 rw-p 00000000 00:00 0 
7211b000-72126000 rw-p 00000000 00:00 0 
72126000-721bf000 rw-p 00000000 00:00 0 
721bf000-731c0000 rw-p 00000000 00:00 0 
731c0000-761c0000 rw-p 00000000 00:00 0 
761c0000-78a80000 rw-p 00000000 00:00 0 
78a80000-9ef00000 rw-p 00000000 00:00 0 
9ef00000-a0380000 rw-p 00000000 00:00 0 
a0380000-b35c0000 rw-p 00000000 00:00 0 
b35c0000-b35e2000 rw-p 00000000 00:00 0 
b35e2000-b3699000 rw-p 00000000 00:00 0 
b3699000-b38d9000 rwxp 00000000 00:00 0 
b38d9000-b6699000 rw-p 00000000 00:00 0 
b6699000-b66b0000 r-xp 00000000 08:05 142139     /usr/local/java/jdk1.7.0_60/jre/lib/i386/libzip.so
b66b0000-b66b1000 rw-p 00017000 08:05 142139     /usr/local/java/jdk1.7.0_60/jre/lib/i386/libzip.so
b66b1000-b66bc000 r-xp 00000000 08:05 1576916    /lib/i386-linux-gnu/libnss_files-2.15.so
b66bc000-b66bd000 r--p 0000a000 08:05 1576916    /lib/i386-linux-gnu/libnss_files-2.15.so
b66bd000-b66be000 rw-p 0000b000 08:05 1576916    /lib/i386-linux-gnu/libnss_files-2.15.so
b66be000-b66c8000 r-xp 00000000 08:05 1576920    /lib/i386-linux-gnu/libnss_nis-2.15.so
b66c8000-b66c9000 r--p 00009000 08:05 1576920    /lib/i386-linux-gnu/libnss_nis-2.15.so
b66c9000-b66ca000 rw-p 0000a000 08:05 1576920    /lib/i386-linux-gnu/libnss_nis-2.15.so
b66ca000-b66e0000 r-xp 00000000 08:05 1576910    /lib/i386-linux-gnu/libnsl-2.15.so
b66e0000-b66e1000 r--p 00015000 08:05 1576910    /lib/i386-linux-gnu/libnsl-2.15.so
b66e1000-b66e2000 rw-p 00016000 08:05 1576910    /lib/i386-linux-gnu/libnsl-2.15.so
b66e2000-b66e4000 rw-p 00000000 00:00 0 
b66e4000-b66eb000 r-xp 00000000 08:05 1576912    /lib/i386-linux-gnu/libnss_compat-2.15.so
b66eb000-b66ec000 r--p 00006000 08:05 1576912    /lib/i386-linux-gnu/libnss_compat-2.15.so
b66ec000-b66ed000 rw-p 00007000 08:05 1576912    /lib/i386-linux-gnu/libnss_compat-2.15.so
b66f8000-b6700000 rw-s 00000000 08:05 1543144    /tmp/hsperfdata_rayacell/8343
b6700000-b675e000 rw-p 00000000 00:00 0 
b675e000-b6800000 ---p 00000000 00:00 0 
b6801000-b6824000 r-xp 00000000 08:05 142098     /usr/local/java/jdk1.7.0_60/jre/lib/i386/libjava.so
b6824000-b6825000 rw-p 00023000 08:05 142098     /usr/local/java/jdk1.7.0_60/jre/lib/i386/libjava.so
b6825000-b682c000 r-xp 00000000 08:05 1576951    /lib/i386-linux-gnu/librt-2.15.so
b682c000-b682d000 r--p 00006000 08:05 1576951    /lib/i386-linux-gnu/librt-2.15.so
b682d000-b682e000 rw-p 00007000 08:05 1576951    /lib/i386-linux-gnu/librt-2.15.so
b682e000-b6831000 ---p 00000000 00:00 0 
b6831000-b687f000 rw-p 00000000 00:00 0          [stack:8347]
b687f000-b68a9000 r-xp 00000000 08:05 1576897    /lib/i386-linux-gnu/libm-2.15.so
b68a9000-b68aa000 r--p 00029000 08:05 1576897    /lib/i386-linux-gnu/libm-2.15.so
b68aa000-b68ab000 rw-p 0002a000 08:05 1576897    /lib/i386-linux-gnu/libm-2.15.so
b68ab000-b712e000 r-xp 00000000 08:05 158481     /usr/local/java/jdk1.7.0_60/jre/lib/i386/server/libjvm.so
b712e000-b7192000 rw-p 00882000 08:05 158481     /usr/local/java/jdk1.7.0_60/jre/lib/i386/server/libjvm.so
b7192000-b75b6000 rw-p 00000000 00:00 0 
b75b6000-b775a000 r-xp 00000000 08:05 1576865    /lib/i386-linux-gnu/libc-2.15.so
b775a000-b775c000 r--p 001a4000 08:05 1576865    /lib/i386-linux-gnu/libc-2.15.so
b775c000-b775d000 rw-p 001a6000 08:05 1576865    /lib/i386-linux-gnu/libc-2.15.so
b775d000-b7760000 rw-p 00000000 00:00 0 
b7760000-b7763000 r-xp 00000000 08:05 1576878    /lib/i386-linux-gnu/libdl-2.15.so
b7763000-b7764000 r--p 00002000 08:05 1576878    /lib/i386-linux-gnu/libdl-2.15.so
b7764000-b7765000 rw-p 00003000 08:05 1576878    /lib/i386-linux-gnu/libdl-2.15.so
b7765000-b7778000 r-xp 00000000 08:05 222316     /usr/local/java/jdk1.7.0_60/lib/i386/jli/libjli.so
b7778000-b7779000 rw-p 00012000 08:05 222316     /usr/local/java/jdk1.7.0_60/lib/i386/jli/libjli.so
b7779000-b777a000 rw-p 00000000 00:00 0 
b777a000-b7791000 r-xp 00000000 08:05 1576945    /lib/i386-linux-gnu/libpthread-2.15.so
b7791000-b7792000 r--p 00016000 08:05 1576945    /lib/i386-linux-gnu/libpthread-2.15.so
b7792000-b7793000 rw-p 00017000 08:05 1576945    /lib/i386-linux-gnu/libpthread-2.15.so
b7793000-b7795000 rw-p 00000000 00:00 0 
b7797000-b779b000 rw-p 00000000 00:00 0 
b779b000-b779c000 r--p 00000000 00:00 0 
b779c000-b77a7000 r-xp 00000000 08:05 142084     /usr/local/java/jdk1.7.0_60/jre/lib/i386/libverify.so
b77a7000-b77a8000 rw-p 0000b000 08:05 142084     /usr/local/java/jdk1.7.0_60/jre/lib/i386/libverify.so
b77a8000-b77aa000 rw-p 00000000 00:00 0 
b77aa000-b77ab000 r-xp 00000000 00:00 0          [vdso]
b77ab000-b77cb000 r-xp 00000000 08:05 1576845    /lib/i386-linux-gnu/ld-2.15.so
b77cb000-b77cc000 r--p 0001f000 08:05 1576845    /lib/i386-linux-gnu/ld-2.15.so
b77cc000-b77cd000 rw-p 00020000 08:05 1576845    /lib/i386-linux-gnu/ld-2.15.so
bfc3e000-bfc3f000 rwxp 00000000 00:00 0 
bfc71000-bfc92000 rw-p 00000000 00:00 0          [stack]

VM Arguments:
jvm_args: -Dfile.encoding=UTF-8 -Xbootclasspath:/home/rayacell/android-adt/adt-bundle-linux-x86-20130729/sdk/platforms/android-18/android.jar 
java_command: ir.rayacell.mahda.security.EncryptDecryptTest
Launcher Type: SUN_STANDARD

Environment Variables:
PATH=/usr/lib/lightdm/lightdm:/usr/local/sbin:/usr/local/bin:/usr/sbin:/usr/bin:/sbin:/bin:/usr/games
LD_LIBRARY_PATH=/usr/local/java/jdk1.7.0_60/jre/lib/i386/server:/usr/local/java/jdk1.7.0_60/jre/lib/i386:/usr/local/java/jdk1.7.0_60/jre/../lib/i386:/usr/local/java/jdk1.7.0_60/jre/lib/i386/client:/usr/local/java/jdk1.7.0_60/jre/lib/i386:
SHELL=/bin/bash
DISPLAY=:0.0

Signal Handlers:
SIGSEGV: [libjvm.so+0x7e6ec0], sa_mask[0]=0x7ffbfeff, sa_flags=0x10000004
SIGBUS: [libjvm.so+0x7e6ec0], sa_mask[0]=0x7ffbfeff, sa_flags=0x10000004
SIGFPE: [libjvm.so+0x681540], sa_mask[0]=0x7ffbfeff, sa_flags=0x10000004
SIGPIPE: [libjvm.so+0x681540], sa_mask[0]=0x7ffbfeff, sa_flags=0x10000004
SIGXFSZ: [libjvm.so+0x681540], sa_mask[0]=0x7ffbfeff, sa_flags=0x10000004
SIGILL: [libjvm.so+0x681540], sa_mask[0]=0x7ffbfeff, sa_flags=0x10000004
SIGUSR1: SIG_DFL, sa_mask[0]=0x00000000, sa_flags=0x00000000
SIGUSR2: [libjvm.so+0x682d40], sa_mask[0]=0x00000004, sa_flags=0x10000004
SIGHUP: SIG_DFL, sa_mask[0]=0x00000000, sa_flags=0x00000000
SIGINT: SIG_DFL, sa_mask[0]=0x00000000, sa_flags=0x00000000
SIGTERM: SIG_DFL, sa_mask[0]=0x00000000, sa_flags=0x00000000
SIGQUIT: SIG_DFL, sa_mask[0]=0x00000000, sa_flags=0x00000000


---------------  S Y S T E M  ---------------

OS:wheezy/sid

uname:Linux 3.11.0-15-generic #25~precise1-Ubuntu SMP Thu Jan 30 17:42:40 UTC 2014 i686
libc:glibc 2.15 NPTL 2.15 
rlimit: STACK 8192k, CORE 0k, NPROC 31196, NOFILE 4096, AS infinity
load average:0.24 0.18 0.16

/proc/meminfo:
MemTotal:        4010760 kB
MemFree:         1412456 kB
Buffers:          301768 kB
Cached:          1397892 kB
SwapCached:            0 kB
Active:          1226692 kB
Inactive:        1225192 kB
Active(anon):     753744 kB
Inactive(anon):   385924 kB
Active(file):     472948 kB
Inactive(file):   839268 kB
Unevictable:           0 kB
Mlocked:               0 kB
HighTotal:       3158788 kB
HighFree:         990648 kB
LowTotal:         851972 kB
LowFree:          421808 kB
SwapTotal:       3905532 kB
SwapFree:        3905532 kB
Dirty:               120 kB
Writeback:             0 kB
AnonPages:        752452 kB
Mapped:           272960 kB
Shmem:            387444 kB
Slab:             100420 kB
SReclaimable:      79316 kB
SUnreclaim:        21104 kB
KernelStack:        4232 kB
PageTables:        11716 kB
NFS_Unstable:          0 kB
Bounce:                0 kB
WritebackTmp:          0 kB
CommitLimit:     5910912 kB
Committed_AS:    4328620 kB
VmallocTotal:     122880 kB
VmallocUsed:       18064 kB
VmallocChunk:     102128 kB
HardwareCorrupted:     0 kB
AnonHugePages:         0 kB
HugePages_Total:       0
HugePages_Free:        0
HugePages_Rsvd:        0
HugePages_Surp:        0
Hugepagesize:       2048 kB
DirectMap4k:       12280 kB
DirectMap2M:      899072 kB


CPU:total 4 (2 cores per cpu, 2 threads per core) family 6 model 58 stepping 9, cmov, cx8, fxsr, mmx, sse, sse2, sse3, ssse3, sse4.1, sse4.2, popcnt, avx, erms, ht, tsc, tscinvbit, tscinv

/proc/cpuinfo:
processor	: 0
vendor_id	: GenuineIntel
cpu family	: 6
model		: 58
model name	: Intel(R) Core(TM) i3-3220 CPU @ 3.30GHz
stepping	: 9
microcode	: 0x17
cpu MHz		: 3300.000
cache size	: 3072 KB
physical id	: 0
siblings	: 4
core id		: 0
cpu cores	: 2
apicid		: 0
initial apicid	: 0
fdiv_bug	: no
f00f_bug	: no
coma_bug	: no
fpu		: yes
fpu_exception	: yes
cpuid level	: 13
wp		: yes
flags		: fpu vme de pse tsc msr pae mce cx8 apic sep mtrr pge mca cmov pat pse36 clflush dts acpi mmx fxsr sse sse2 ss ht tm pbe nx rdtscp lm constant_tsc arch_perfmon pebs bts xtopology nonstop_tsc aperfmperf eagerfpu pni pclmulqdq dtes64 monitor ds_cpl vmx est tm2 ssse3 cx16 xtpr pdcm pcid sse4_1 sse4_2 popcnt tsc_deadline_timer xsave avx f16c lahf_lm arat epb xsaveopt pln pts dtherm tpr_shadow vnmi flexpriority ept vpid fsgsbase smep erms
bogomips	: 6585.53
clflush size	: 64
cache_alignment	: 64
address sizes	: 36 bits physical, 48 bits virtual
power management:

processor	: 1
vendor_id	: GenuineIntel
cpu family	: 6
model		: 58
model name	: Intel(R) Core(TM) i3-3220 CPU @ 3.30GHz
stepping	: 9
microcode	: 0x17
cpu MHz		: 1600.000
cache size	: 3072 KB
physical id	: 0
siblings	: 4
core id		: 1
cpu cores	: 2
apicid		: 2
initial apicid	: 2
fdiv_bug	: no
f00f_bug	: no
coma_bug	: no
fpu		: yes
fpu_exception	: yes
cpuid level	: 13
wp		: yes
flags		: fpu vme de pse tsc msr pae mce cx8 apic sep mtrr pge mca cmov pat pse36 clflush dts acpi mmx fxsr sse sse2 ss ht tm pbe nx rdtscp lm constant_tsc arch_perfmon pebs bts xtopology nonstop_tsc aperfmperf eagerfpu pni pclmulqdq dtes64 monitor ds_cpl vmx est tm2 ssse3 cx16 xtpr pdcm pcid sse4_1 sse4_2 popcnt tsc_deadline_timer xsave avx f16c lahf_lm arat epb xsaveopt pln pts dtherm tpr_shadow vnmi flexpriority ept vpid fsgsbase smep erms
bogomips	: 6585.53
clflush size	: 64
cache_alignment	: 64
address sizes	: 36 bits physical, 48 bits virtual
power management:

processor	: 2
vendor_id	: GenuineIntel
cpu family	: 6
model		: 58
model name	: Intel(R) Core(TM) i3-3220 CPU @ 3.30GHz
stepping	: 9
microcode	: 0x17
cpu MHz		: 3300.000
cache size	: 3072 KB
physical id	: 0
siblings	: 4
core id		: 0
cpu cores	: 2
apicid		: 1
initial apicid	: 1
fdiv_bug	: no
f00f_bug	: no
coma_bug	: no
fpu		: yes
fpu_exception	: yes
cpuid level	: 13
wp		: yes
flags		: fpu vme de pse tsc msr pae mce cx8 apic sep mtrr pge mca cmov pat pse36 clflush dts acpi mmx fxsr sse sse2 ss ht tm pbe nx rdtscp lm constant_tsc arch_perfmon pebs bts xtopology nonstop_tsc aperfmperf eagerfpu pni pclmulqdq dtes64 monitor ds_cpl vmx est tm2 ssse3 cx16 xtpr pdcm pcid sse4_1 sse4_2 popcnt tsc_deadline_timer xsave avx f16c lahf_lm arat epb xsaveopt pln pts dtherm tpr_shadow vnmi flexpriority ept vpid fsgsbase smep erms
bogomips	: 6585.53
clflush size	: 64
cache_alignment	: 64
address sizes	: 36 bits physical, 48 bits virtual
power management:

processor	: 3
vendor_id	: GenuineIntel
cpu family	: 6
model		: 58
model name	: Intel(R) Core(TM) i3-3220 CPU @ 3.30GHz
stepping	: 9
microcode	: 0x17
cpu MHz		: 1600.000
cache size	: 3072 KB
physical id	: 0
siblings	: 4
core id		: 1
cpu cores	: 2
apicid		: 3
initial apicid	: 3
fdiv_bug	: no
f00f_bug	: no
coma_bug	: no
fpu		: yes
fpu_exception	: yes
cpuid level	: 13
wp		: yes
flags		: fpu vme de pse tsc msr pae mce cx8 apic sep mtrr pge mca cmov pat pse36 clflush dts acpi mmx fxsr sse sse2 ss ht tm pbe nx rdtscp lm constant_tsc arch_perfmon pebs bts xtopology nonstop_tsc aperfmperf eagerfpu pni pclmulqdq dtes64 monitor ds_cpl vmx est tm2 ssse3 cx16 xtpr pdcm pcid sse4_1 sse4_2 popcnt tsc_deadline_timer xsave avx f16c lahf_lm arat epb xsaveopt pln pts dtherm tpr_shadow vnmi flexpriority ept vpid fsgsbase smep erms
bogomips	: 6585.53
clflush size	: 64
cache_alignment	: 64
address sizes	: 36 bits physical, 48 bits virtual
power management:



Memory: 4k page, physical 4010760k(1412456k free), swap 3905532k(3905532k free)

vm_info: Java HotSpot(TM) Server VM (24.60-b09) for linux-x86 JRE (1.7.0_60-ea-b12), built on Mar 26 2014 00:43:48 by "java_re" with gcc 4.3.0 20080428 (Red Hat 4.3.0-8)

time: Mon Jan 26 12:48:16 2015
elapsed time: 0 seconds

