#
# A fatal error has been detected by the Java Runtime Environment:
#
#  Internal Error (javaClasses.cpp:136), pid=8274, tid=3062160192
#  fatal error: Invalid layout of preloaded class
#
# JRE version:  (7.0_60-b12) (build )
# Java VM: Java HotSpot(TM) Server VM (24.60-b09 mixed mode linux-x86 )
# Failed to write core dump. Core dumps have been disabled. To enable core dumping, try "ulimit -c unlimited" before starting Java again
#
# If you would like to submit a bug report, please visit:
#   http://bugreport.sun.com/bugreport/crash.jsp
#

---------------  T H R E A D  ---------------

Current thread (0xb6607800):  JavaThread "Unknown thread" [_thread_in_vm, id=8281, stack(0xb67fd000,0xb684e000)]

Stack: [0xb67fd000,0xb684e000],  sp=0xb684cd80,  free space=319k
Native frames: (J=compiled Java code, j=interpreted, Vv=VM code, C=native code)
V  [libjvm.so+0x7e63a6]  VMError::report_and_die()+0x1a6
V  [libjvm.so+0x33d86c]  report_fatal(char const*, int, char const*)+0x4c
V  [libjvm.so+0x48b55e]  compute_offset(int&, klassOopDesc*, Symbol*, Symbol*, bool)+0x10e
V  [libjvm.so+0x48d2c4]  java_lang_String::compute_offsets()+0x44
V  [libjvm.so+0x7733dd]  SystemDictionary::initialize_preloaded_classes(Thread*)+0x22d
V  [libjvm.so+0x7bc1b0]  Universe::genesis(Thread*)+0x410
V  [libjvm.so+0x7bc61f]  universe2_init()+0x1f
V  [libjvm.so+0x450310]  init_globals()+0xa0
V  [libjvm.so+0x7a4500]  Threads::create_vm(JavaVMInitArgs*, bool*)+0x200
V  [libjvm.so+0x4c302c]  JNI_CreateJavaVM+0x5c
C  [libjli.so+0x2668]  JavaMain+0x98
C  [libpthread.so.0+0x6d4c]  start_thread+0xcc


---------------  P R O C E S S  ---------------

Java Threads: ( => current thread )

Other Threads:

=>0xb6607800 (exited) JavaThread "Unknown thread" [_thread_in_vm, id=8281, stack(0xb67fd000,0xb684e000)]

VM state:not at safepoint (not fully initialized)

VM Mutex/Monitor currently owned by a thread: None

GC Heap History (0 events):
No events

Deoptimization events (0 events):
No events

Internal exceptions (0 events):
No events

Events (10 events):
Event: 0.038 loading class 0x71d12670 done
Event: 0.038 loading class 0x71d12100 done
Event: 0.038 loading class 0x71d120e0
Event: 0.038 loading class 0x71d19450
Event: 0.038 loading class 0x71d19450 done
Event: 0.038 loading class 0x71d19480
Event: 0.038 loading class 0x71d19480 done
Event: 0.038 loading class 0x71d194b0
Event: 0.038 loading class 0x71d194b0 done
Event: 0.038 loading class 0x71d120e0 done


Dynamic libraries:
08048000-08049000 r-xp 00000000 08:05 43638      /usr/local/java/jdk1.7.0_60/bin/java
08049000-0804a000 rw-p 00000000 08:05 43638      /usr/local/java/jdk1.7.0_60/bin/java
08a50000-08a71000 rw-p 00000000 00:00 0          [heap]
6ee67000-6f082000 rw-p 00000000 00:00 0 
6f082000-6f14c000 r--s 011ad000 08:06 445146     /home/rayacell/android-adt/adt-bundle-linux-x86-20130729/sdk/platforms/android-18/android.jar
6f14c000-71600000 rw-p 00000000 00:00 0 
71600000-71621000 rw-p 00000000 00:00 0 
71621000-71700000 ---p 00000000 00:00 0 
7177f000-71780000 ---p 00000000 00:00 0 
71780000-71800000 rw-p 00000000 00:00 0          [stack:8285]
71800000-71821000 rw-p 00000000 00:00 0 
71821000-71900000 ---p 00000000 00:00 0 
7197f000-71980000 ---p 00000000 00:00 0 
71980000-71a00000 rw-p 00000000 00:00 0          [stack:8284]
71a00000-71a21000 rw-p 00000000 00:00 0 
71a21000-71b00000 ---p 00000000 00:00 0 
71b7f000-71b80000 ---p 00000000 00:00 0 
71b80000-71c00000 rw-p 00000000 00:00 0          [stack:8283]
71c00000-71c21000 rw-p 00000000 00:00 0 
71c21000-71d00000 ---p 00000000 00:00 0 
71d12000-71d6d000 rw-p 00000000 00:00 0 
71d6d000-71d6e000 ---p 00000000 00:00 0 
71d6e000-71e03000 rw-p 00000000 00:00 0          [stack:8282]
71e03000-71f35000 rw-p 00000000 00:00 0 
71f35000-71f3d000 rw-p 00000000 00:00 0 
71f3d000-71f55000 rw-p 00000000 00:00 0 
71f55000-71f6a000 rw-p 00000000 00:00 0 
71f6a000-7209b000 rw-p 00000000 00:00 0 
7209b000-720a6000 rw-p 00000000 00:00 0 
720a6000-7213f000 rw-p 00000000 00:00 0 
7213f000-73140000 rw-p 00000000 00:00 0 
73140000-76140000 rw-p 00000000 00:00 0 
76140000-78a00000 rw-p 00000000 00:00 0 
78a00000-9ee80000 rw-p 00000000 00:00 0 
9ee80000-a0300000 rw-p 00000000 00:00 0 
a0300000-b3540000 rw-p 00000000 00:00 0 
b3540000-b3549000 rw-p 00000000 00:00 0 
b3549000-b3600000 rw-p 00000000 00:00 0 
b3600000-b3840000 rwxp 00000000 00:00 0 
b3840000-b665e000 rw-p 00000000 00:00 0 
b665e000-b6700000 ---p 00000000 00:00 0 
b670b000-b6751000 rw-p 00000000 00:00 0 
b6751000-b6769000 rw-p 00000000 00:00 0 
b6769000-b6780000 r-xp 00000000 08:05 142139     /usr/local/java/jdk1.7.0_60/jre/lib/i386/libzip.so
b6780000-b6781000 rw-p 00017000 08:05 142139     /usr/local/java/jdk1.7.0_60/jre/lib/i386/libzip.so
b6781000-b678c000 r-xp 00000000 08:05 1576916    /lib/i386-linux-gnu/libnss_files-2.15.so
b678c000-b678d000 r--p 0000a000 08:05 1576916    /lib/i386-linux-gnu/libnss_files-2.15.so
b678d000-b678e000 rw-p 0000b000 08:05 1576916    /lib/i386-linux-gnu/libnss_files-2.15.so
b678e000-b6798000 r-xp 00000000 08:05 1576920    /lib/i386-linux-gnu/libnss_nis-2.15.so
b6798000-b6799000 r--p 00009000 08:05 1576920    /lib/i386-linux-gnu/libnss_nis-2.15.so
b6799000-b679a000 rw-p 0000a000 08:05 1576920    /lib/i386-linux-gnu/libnss_nis-2.15.so
b679a000-b67b0000 r-xp 00000000 08:05 1576910    /lib/i386-linux-gnu/libnsl-2.15.so
b67b0000-b67b1000 r--p 00015000 08:05 1576910    /lib/i386-linux-gnu/libnsl-2.15.so
b67b1000-b67b2000 rw-p 00016000 08:05 1576910    /lib/i386-linux-gnu/libnsl-2.15.so
b67b2000-b67b4000 rw-p 00000000 00:00 0 
b67b4000-b67bb000 r-xp 00000000 08:05 1576912    /lib/i386-linux-gnu/libnss_compat-2.15.so
b67bb000-b67bc000 r--p 00006000 08:05 1576912    /lib/i386-linux-gnu/libnss_compat-2.15.so
b67bc000-b67bd000 rw-p 00007000 08:05 1576912    /lib/i386-linux-gnu/libnss_compat-2.15.so
b67c8000-b67d0000 rw-s 00000000 08:05 1543144    /tmp/hsperfdata_rayacell/8274
b67d0000-b67f3000 r-xp 00000000 08:05 142098     /usr/local/java/jdk1.7.0_60/jre/lib/i386/libjava.so
b67f3000-b67f4000 rw-p 00023000 08:05 142098     /usr/local/java/jdk1.7.0_60/jre/lib/i386/libjava.so
b67f4000-b67fb000 r-xp 00000000 08:05 1576951    /lib/i386-linux-gnu/librt-2.15.so
b67fb000-b67fc000 r--p 00006000 08:05 1576951    /lib/i386-linux-gnu/librt-2.15.so
b67fc000-b67fd000 rw-p 00007000 08:05 1576951    /lib/i386-linux-gnu/librt-2.15.so
b67fd000-b6800000 ---p 00000000 00:00 0 
b6800000-b684e000 rw-p 00000000 00:00 0          [stack:8281]
b684e000-b6878000 r-xp 00000000 08:05 1576897    /lib/i386-linux-gnu/libm-2.15.so
b6878000-b6879000 r--p 00029000 08:05 1576897    /lib/i386-linux-gnu/libm-2.15.so
b6879000-b687a000 rw-p 0002a000 08:05 1576897    /lib/i386-linux-gnu/libm-2.15.so
b687a000-b70fd000 r-xp 00000000 08:05 158481     /usr/local/java/jdk1.7.0_60/jre/lib/i386/server/libjvm.so
b70fd000-b7161000 rw-p 00882000 08:05 158481     /usr/local/java/jdk1.7.0_60/jre/lib/i386/server/libjvm.so
b7161000-b7585000 rw-p 00000000 00:00 0 
b7585000-b7729000 r-xp 00000000 08:05 1576865    /lib/i386-linux-gnu/libc-2.15.so
b7729000-b772b000 r--p 001a4000 08:05 1576865    /lib/i386-linux-gnu/libc-2.15.so
b772b000-b772c000 rw-p 001a6000 08:05 1576865    /lib/i386-linux-gnu/libc-2.15.so
b772c000-b772f000 rw-p 00000000 00:00 0 
b772f000-b7732000 r-xp 00000000 08:05 1576878    /lib/i386-linux-gnu/libdl-2.15.so
b7732000-b7733000 r--p 00002000 08:05 1576878    /lib/i386-linux-gnu/libdl-2.15.so
b7733000-b7734000 rw-p 00003000 08:05 1576878    /lib/i386-linux-gnu/libdl-2.15.so
b7734000-b7747000 r-xp 00000000 08:05 222316     /usr/local/java/jdk1.7.0_60/lib/i386/jli/libjli.so
b7747000-b7748000 rw-p 00012000 08:05 222316     /usr/local/java/jdk1.7.0_60/lib/i386/jli/libjli.so
b7748000-b7749000 rw-p 00000000 00:00 0 
b7749000-b7760000 r-xp 00000000 08:05 1576945    /lib/i386-linux-gnu/libpthread-2.15.so
b7760000-b7761000 r--p 00016000 08:05 1576945    /lib/i386-linux-gnu/libpthread-2.15.so
b7761000-b7762000 rw-p 00017000 08:05 1576945    /lib/i386-linux-gnu/libpthread-2.15.so
b7762000-b7764000 rw-p 00000000 00:00 0 
b7766000-b776a000 rw-p 00000000 00:00 0 
b776a000-b776b000 r--p 00000000 00:00 0 
b776b000-b7776000 r-xp 00000000 08:05 142084     /usr/local/java/jdk1.7.0_60/jre/lib/i386/libverify.so
b7776000-b7777000 rw-p 0000b000 08:05 142084     /usr/local/java/jdk1.7.0_60/jre/lib/i386/libverify.so
b7777000-b7779000 rw-p 00000000 00:00 0 
b7779000-b777a000 r-xp 00000000 00:00 0          [vdso]
b777a000-b779a000 r-xp 00000000 08:05 1576845    /lib/i386-linux-gnu/ld-2.15.so
b779a000-b779b000 r--p 0001f000 08:05 1576845    /lib/i386-linux-gnu/ld-2.15.so
b779b000-b779c000 rw-p 00020000 08:05 1576845    /lib/i386-linux-gnu/ld-2.15.so
bf9c0000-bf9c1000 rwxp 00000000 00:00 0 
bf9f3000-bfa14000 rw-p 00000000 00:00 0          [stack]

VM Arguments:
jvm_args: -Dfile.encoding=UTF-8 -Xbootclasspath:/home/rayacell/android-adt/adt-bundle-linux-x86-20130729/sdk/platforms/android-18/android.jar 
java_command: ir.rayacell.mahda.security.EncryptDecryptTest
Launcher Type: SUN_STANDARD

Environment Variables:
PATH=/usr/lib/lightdm/lightdm:/usr/local/sbin:/usr/local/bin:/usr/sbin:/usr/bin:/sbin:/bin:/usr/games
LD_LIBRARY_PATH=/usr/local/java/jdk1.7.0_60/jre/lib/i386/server:/usr/local/java/jdk1.7.0_60/jre/lib/i386:/usr/local/java/jdk1.7.0_60/jre/../lib/i386:/usr/local/java/jdk1.7.0_60/jre/lib/i386/client:/usr/local/java/jdk1.7.0_60/jre/lib/i386:
SHELL=/bin/bash
DISPLAY=:0.0

Signal Handlers:
SIGSEGV: [libjvm.so+0x7e6ec0], sa_mask[0]=0x7ffbfeff, sa_flags=0x10000004
SIGBUS: [libjvm.so+0x7e6ec0], sa_mask[0]=0x7ffbfeff, sa_flags=0x10000004
SIGFPE: [libjvm.so+0x681540], sa_mask[0]=0x7ffbfeff, sa_flags=0x10000004
SIGPIPE: [libjvm.so+0x681540], sa_mask[0]=0x7ffbfeff, sa_flags=0x10000004
SIGXFSZ: [libjvm.so+0x681540], sa_mask[0]=0x7ffbfeff, sa_flags=0x10000004
SIGILL: [libjvm.so+0x681540], sa_mask[0]=0x7ffbfeff, sa_flags=0x10000004
SIGUSR1: SIG_DFL, sa_mask[0]=0x00000000, sa_flags=0x00000000
SIGUSR2: [libjvm.so+0x682d40], sa_mask[0]=0x00000004, sa_flags=0x10000004
SIGHUP: SIG_DFL, sa_mask[0]=0x00000000, sa_flags=0x00000000
SIGINT: SIG_DFL, sa_mask[0]=0x00000000, sa_flags=0x00000000
SIGTERM: SIG_DFL, sa_mask[0]=0x00000000, sa_flags=0x00000000
SIGQUIT: SIG_DFL, sa_mask[0]=0x00000000, sa_flags=0x00000000


---------------  S Y S T E M  ---------------

OS:wheezy/sid

uname:Linux 3.11.0-15-generic #25~precise1-Ubuntu SMP Thu Jan 30 17:42:40 UTC 2014 i686
libc:glibc 2.15 NPTL 2.15 
rlimit: STACK 8192k, CORE 0k, NPROC 31196, NOFILE 4096, AS infinity
load average:0.14 0.18 0.16

/proc/meminfo:
MemTotal:        4010760 kB
MemFree:         1401652 kB
Buffers:          301604 kB
Cached:          1408888 kB
SwapCached:            0 kB
Active:          1222692 kB
Inactive:        1238992 kB
Active(anon):     752836 kB
Inactive(anon):   397352 kB
Active(file):     469856 kB
Inactive(file):   841640 kB
Unevictable:           0 kB
Mlocked:               0 kB
HighTotal:       3158788 kB
HighFree:         979388 kB
LowTotal:         851972 kB
LowFree:          422264 kB
SwapTotal:       3905532 kB
SwapFree:        3905532 kB
Dirty:               124 kB
Writeback:             0 kB
AnonPages:        751432 kB
Mapped:           271756 kB
Shmem:            398760 kB
Slab:             100072 kB
SReclaimable:      79084 kB
SUnreclaim:        20988 kB
KernelStack:        4272 kB
PageTables:        11760 kB
NFS_Unstable:          0 kB
Bounce:                0 kB
WritebackTmp:          0 kB
CommitLimit:     5910912 kB
Committed_AS:    4338560 kB
VmallocTotal:     122880 kB
VmallocUsed:       18064 kB
VmallocChunk:     102128 kB
HardwareCorrupted:     0 kB
AnonHugePages:         0 kB
HugePages_Total:       0
HugePages_Free:        0
HugePages_Rsvd:        0
HugePages_Surp:        0
Hugepagesize:       2048 kB
DirectMap4k:       12280 kB
DirectMap2M:      899072 kB


CPU:total 4 (2 cores per cpu, 2 threads per core) family 6 model 58 stepping 9, cmov, cx8, fxsr, mmx, sse, sse2, sse3, ssse3, sse4.1, sse4.2, popcnt, avx, erms, ht, tsc, tscinvbit, tscinv

/proc/cpuinfo:
processor	: 0
vendor_id	: GenuineIntel
cpu family	: 6
model		: 58
model name	: Intel(R) Core(TM) i3-3220 CPU @ 3.30GHz
stepping	: 9
microcode	: 0x17
cpu MHz		: 3300.000
cache size	: 3072 KB
physical id	: 0
siblings	: 4
core id		: 0
cpu cores	: 2
apicid		: 0
initial apicid	: 0
fdiv_bug	: no
f00f_bug	: no
coma_bug	: no
fpu		: yes
fpu_exception	: yes
cpuid level	: 13
wp		: yes
flags		: fpu vme de pse tsc msr pae mce cx8 apic sep mtrr pge mca cmov pat pse36 clflush dts acpi mmx fxsr sse sse2 ss ht tm pbe nx rdtscp lm constant_tsc arch_perfmon pebs bts xtopology nonstop_tsc aperfmperf eagerfpu pni pclmulqdq dtes64 monitor ds_cpl vmx est tm2 ssse3 cx16 xtpr pdcm pcid sse4_1 sse4_2 popcnt tsc_deadline_timer xsave avx f16c lahf_lm arat epb xsaveopt pln pts dtherm tpr_shadow vnmi flexpriority ept vpid fsgsbase smep erms
bogomips	: 6585.53
clflush size	: 64
cache_alignment	: 64
address sizes	: 36 bits physical, 48 bits virtual
power management:

processor	: 1
vendor_id	: GenuineIntel
cpu family	: 6
model		: 58
model name	: Intel(R) Core(TM) i3-3220 CPU @ 3.30GHz
stepping	: 9
microcode	: 0x17
cpu MHz		: 1600.000
cache size	: 3072 KB
physical id	: 0
siblings	: 4
core id		: 1
cpu cores	: 2
apicid		: 2
initial apicid	: 2
fdiv_bug	: no
f00f_bug	: no
coma_bug	: no
fpu		: yes
fpu_exception	: yes
cpuid level	: 13
wp		: yes
flags		: fpu vme de pse tsc msr pae mce cx8 apic sep mtrr pge mca cmov pat pse36 clflush dts acpi mmx fxsr sse sse2 ss ht tm pbe nx rdtscp lm constant_tsc arch_perfmon pebs bts xtopology nonstop_tsc aperfmperf eagerfpu pni pclmulqdq dtes64 monitor ds_cpl vmx est tm2 ssse3 cx16 xtpr pdcm pcid sse4_1 sse4_2 popcnt tsc_deadline_timer xsave avx f16c lahf_lm arat epb xsaveopt pln pts dtherm tpr_shadow vnmi flexpriority ept vpid fsgsbase smep erms
bogomips	: 6585.53
clflush size	: 64
cache_alignment	: 64
address sizes	: 36 bits physical, 48 bits virtual
power management:

processor	: 2
vendor_id	: GenuineIntel
cpu family	: 6
model		: 58
model name	: Intel(R) Core(TM) i3-3220 CPU @ 3.30GHz
stepping	: 9
microcode	: 0x17
cpu MHz		: 1600.000
cache size	: 3072 KB
physical id	: 0
siblings	: 4
core id		: 0
cpu cores	: 2
apicid		: 1
initial apicid	: 1
fdiv_bug	: no
f00f_bug	: no
coma_bug	: no
fpu		: yes
fpu_exception	: yes
cpuid level	: 13
wp		: yes
flags		: fpu vme de pse tsc msr pae mce cx8 apic sep mtrr pge mca cmov pat pse36 clflush dts acpi mmx fxsr sse sse2 ss ht tm pbe nx rdtscp lm constant_tsc arch_perfmon pebs bts xtopology nonstop_tsc aperfmperf eagerfpu pni pclmulqdq dtes64 monitor ds_cpl vmx est tm2 ssse3 cx16 xtpr pdcm pcid sse4_1 sse4_2 popcnt tsc_deadline_timer xsave avx f16c lahf_lm arat epb xsaveopt pln pts dtherm tpr_shadow vnmi flexpriority ept vpid fsgsbase smep erms
bogomips	: 6585.53
clflush size	: 64
cache_alignment	: 64
address sizes	: 36 bits physical, 48 bits virtual
power management:

processor	: 3
vendor_id	: GenuineIntel
cpu family	: 6
model		: 58
model name	: Intel(R) Core(TM) i3-3220 CPU @ 3.30GHz
stepping	: 9
microcode	: 0x17
cpu MHz		: 1600.000
cache size	: 3072 KB
physical id	: 0
siblings	: 4
core id		: 1
cpu cores	: 2
apicid		: 3
initial apicid	: 3
fdiv_bug	: no
f00f_bug	: no
coma_bug	: no
fpu		: yes
fpu_exception	: yes
cpuid level	: 13
wp		: yes
flags		: fpu vme de pse tsc msr pae mce cx8 apic sep mtrr pge mca cmov pat pse36 clflush dts acpi mmx fxsr sse sse2 ss ht tm pbe nx rdtscp lm constant_tsc arch_perfmon pebs bts xtopology nonstop_tsc aperfmperf eagerfpu pni pclmulqdq dtes64 monitor ds_cpl vmx est tm2 ssse3 cx16 xtpr pdcm pcid sse4_1 sse4_2 popcnt tsc_deadline_timer xsave avx f16c lahf_lm arat epb xsaveopt pln pts dtherm tpr_shadow vnmi flexpriority ept vpid fsgsbase smep erms
bogomips	: 6585.53
clflush size	: 64
cache_alignment	: 64
address sizes	: 36 bits physical, 48 bits virtual
power management:



Memory: 4k page, physical 4010760k(1401652k free), swap 3905532k(3905532k free)

vm_info: Java HotSpot(TM) Server VM (24.60-b09) for linux-x86 JRE (1.7.0_60-ea-b12), built on Mar 26 2014 00:43:48 by "java_re" with gcc 4.3.0 20080428 (Red Hat 4.3.0-8)

time: Mon Jan 26 12:46:18 2015
elapsed time: 0 seconds

